Vivado Simulator v2025.2
Copyright 1986-2022 Xilinx, Inc. All Rights Reserved.
Copyright 2022-2025 Advanced Micro Devices, Inc. All Rights Reserved.
Running: C:\AMDDesignTools\2025.2\Vivado\bin\unwrapped\win64.o\xelab.exe testbench -relax -s work.testbench -L uvm -L work -debug typical -timescale 1ns/100ps -log elaborate.log 
Multi-threading is on. Using 2 slave threads.
Starting static elaboration
Pass Through NonSizing Optimizer
Completed static elaboration
Starting simulation data flow analysis
Completed simulation data flow analysis
Time Resolution for simulation is 1ps
Compiling package work.$unit_baud_rate_type_svh_1682985...
Compiling package uvm.uvm_pkg
Compiling package std.std
Compiling module work.uart_bfm_default
Compiling module work.reg_if_bfm_default
Compiling module work.reg_bank
Compiling module work.clock_div_default
Compiling module work.rx_uart
Compiling module work.tx_uart
Compiling module work.uart_controller
Compiling module work.testbench
Built simulation snapshot work.testbench
